2019/08/05 15:06:43 [debug] 27270#27270: [lua] init.lua:14: ~~~~~~~~~~~~~~~~~~~~~~~~~~~~~~worker
2019/08/05 15:06:43 [debug] 27270#27270: [lua] init.lua:27: nginx
2019/08/05 15:06:43 [debug] 27270#27270: [lua] init.lua:27: -p
2019/08/05 15:06:43 [debug] 27270#27270: [lua] init.lua:27: /home/danny/workspace/danny_resty/
2019/08/05 15:06:43 [debug] 27270#27270: [lua] init.lua:27: -c
2019/08/05 15:06:43 [debug] 27270#27270: [lua] init.lua:27: conf/nginx-local.conf
2019/08/05 15:06:43 [debug] 27270#27270: [lua] init.lua:52: config-local
2019/08/05 15:07:35 [debug] 27270#27270: [lua] init.lua:14: ~~~~~~~~~~~~~~~~~~~~~~~~~~~~~~worker
2019/08/05 15:07:35 [debug] 27270#27270: [lua] init.lua:27: nginx
2019/08/05 15:07:35 [debug] 27270#27270: [lua] init.lua:27: -p
2019/08/05 15:07:35 [debug] 27270#27270: [lua] init.lua:27: /home/danny/workspace/danny_resty/
2019/08/05 15:07:35 [debug] 27270#27270: [lua] init.lua:27: -c
2019/08/05 15:07:35 [debug] 27270#27270: [lua] init.lua:27: conf/nginx-local.conf
2019/08/05 15:07:35 [debug] 27270#27270: [lua] init.lua:52: config-local
2019/08/05 15:07:35 [debug] 27270#27270: [lua] init.lua:14: ~~~~~~~~~~~~~~~~~~~~~~~~~~~~~~worker
2019/08/05 15:07:35 [debug] 27270#27270: [lua] init.lua:27: nginx
2019/08/05 15:07:35 [debug] 27270#27270: [lua] init.lua:27: -p
2019/08/05 15:07:35 [debug] 27270#27270: [lua] init.lua:27: /home/danny/workspace/danny_resty/
2019/08/05 15:07:35 [debug] 27270#27270: [lua] init.lua:27: -c
2019/08/05 15:07:35 [debug] 27270#27270: [lua] init.lua:27: conf/nginx-local.conf
2019/08/05 15:07:35 [debug] 27270#27270: [lua] init.lua:52: config-local
2019/08/05 15:07:36 [debug] 27270#27270: [lua] init.lua:14: ~~~~~~~~~~~~~~~~~~~~~~~~~~~~~~worker
2019/08/05 15:07:36 [debug] 27270#27270: [lua] init.lua:27: nginx
2019/08/05 15:07:36 [debug] 27270#27270: [lua] init.lua:27: -p
2019/08/05 15:07:36 [debug] 27270#27270: [lua] init.lua:27: /home/danny/workspace/danny_resty/
2019/08/05 15:07:36 [debug] 27270#27270: [lua] init.lua:27: -c
2019/08/05 15:07:36 [debug] 27270#27270: [lua] init.lua:27: conf/nginx-local.conf
2019/08/05 15:07:36 [debug] 27270#27270: [lua] init.lua:52: config-local
2019/08/05 15:07:36 [debug] 27270#27270: [lua] init.lua:14: ~~~~~~~~~~~~~~~~~~~~~~~~~~~~~~worker
2019/08/05 15:07:36 [debug] 27270#27270: [lua] init.lua:27: nginx
2019/08/05 15:07:36 [debug] 27270#27270: [lua] init.lua:27: -p
2019/08/05 15:07:36 [debug] 27270#27270: [lua] init.lua:27: /home/danny/workspace/danny_resty/
2019/08/05 15:07:36 [debug] 27270#27270: [lua] init.lua:27: -c
2019/08/05 15:07:36 [debug] 27270#27270: [lua] init.lua:27: conf/nginx-local.conf
2019/08/05 15:07:36 [debug] 27270#27270: [lua] init.lua:52: config-local
2019/08/05 15:08:08 [debug] 27270#27270: [lua] init.lua:14: ~~~~~~~~~~~~~~~~~~~~~~~~~~~~~~worker
2019/08/05 15:08:08 [debug] 27270#27270: [lua] init.lua:27: nginx
2019/08/05 15:08:08 [debug] 27270#27270: [lua] init.lua:27: -p
2019/08/05 15:08:08 [debug] 27270#27270: [lua] init.lua:27: /home/danny/workspace/danny_resty/
2019/08/05 15:08:08 [debug] 27270#27270: [lua] init.lua:27: -c
2019/08/05 15:08:08 [debug] 27270#27270: [lua] init.lua:27: conf/nginx-local.conf
2019/08/05 15:08:08 [debug] 27270#27270: [lua] init.lua:52: config-local
2019/08/05 15:08:09 [debug] 27270#27270: [lua] init.lua:14: ~~~~~~~~~~~~~~~~~~~~~~~~~~~~~~worker
2019/08/05 15:08:09 [debug] 27270#27270: [lua] init.lua:27: nginx
2019/08/05 15:08:09 [debug] 27270#27270: [lua] init.lua:27: -p
2019/08/05 15:08:09 [debug] 27270#27270: [lua] init.lua:27: /home/danny/workspace/danny_resty/
2019/08/05 15:08:09 [debug] 27270#27270: [lua] init.lua:27: -c
2019/08/05 15:08:09 [debug] 27270#27270: [lua] init.lua:27: conf/nginx-local.conf
2019/08/05 15:08:09 [debug] 27270#27270: [lua] init.lua:52: config-local
2019/08/05 15:08:10 [debug] 27270#27270: [lua] init.lua:14: ~~~~~~~~~~~~~~~~~~~~~~~~~~~~~~worker
2019/08/05 15:08:10 [debug] 27270#27270: [lua] init.lua:27: nginx
2019/08/05 15:08:10 [debug] 27270#27270: [lua] init.lua:27: -p
2019/08/05 15:08:10 [debug] 27270#27270: [lua] init.lua:27: /home/danny/workspace/danny_resty/
2019/08/05 15:08:10 [debug] 27270#27270: [lua] init.lua:27: -c
2019/08/05 15:08:10 [debug] 27270#27270: [lua] init.lua:27: conf/nginx-local.conf
2019/08/05 15:08:10 [debug] 27270#27270: [lua] init.lua:52: config-local
2019/08/05 15:08:10 [debug] 27270#27270: [lua] init.lua:14: ~~~~~~~~~~~~~~~~~~~~~~~~~~~~~~worker
2019/08/05 15:08:10 [debug] 27270#27270: [lua] init.lua:27: nginx
2019/08/05 15:08:10 [debug] 27270#27270: [lua] init.lua:27: -p
2019/08/05 15:08:10 [debug] 27270#27270: [lua] init.lua:27: /home/danny/workspace/danny_resty/
2019/08/05 15:08:10 [debug] 27270#27270: [lua] init.lua:27: -c
2019/08/05 15:08:10 [debug] 27270#27270: [lua] init.lua:27: conf/nginx-local.conf
2019/08/05 15:08:10 [debug] 27270#27270: [lua] init.lua:52: config-local
2019/08/05 15:08:35 [debug] 27270#27270: [lua] init.lua:14: ~~~~~~~~~~~~~~~~~~~~~~~~~~~~~~worker
2019/08/05 15:08:35 [debug] 27270#27270: [lua] init.lua:27: nginx
2019/08/05 15:08:35 [debug] 27270#27270: [lua] init.lua:27: -p
2019/08/05 15:08:35 [debug] 27270#27270: [lua] init.lua:27: /home/danny/workspace/danny_resty/
2019/08/05 15:08:35 [debug] 27270#27270: [lua] init.lua:27: -c
2019/08/05 15:08:35 [debug] 27270#27270: [lua] init.lua:27: conf/nginx-local.conf
2019/08/05 15:08:35 [debug] 27270#27270: [lua] init.lua:52: config-local
2019/08/05 15:08:35 [debug] 27270#27270: [lua] init.lua:14: ~~~~~~~~~~~~~~~~~~~~~~~~~~~~~~worker
2019/08/05 15:08:35 [debug] 27270#27270: [lua] init.lua:27: nginx
2019/08/05 15:08:35 [debug] 27270#27270: [lua] init.lua:27: -p
2019/08/05 15:08:35 [debug] 27270#27270: [lua] init.lua:27: /home/danny/workspace/danny_resty/
2019/08/05 15:08:35 [debug] 27270#27270: [lua] init.lua:27: -c
2019/08/05 15:08:35 [debug] 27270#27270: [lua] init.lua:27: conf/nginx-local.conf
2019/08/05 15:08:35 [debug] 27270#27270: [lua] init.lua:52: config-local
2019/08/05 15:08:37 [debug] 27270#27270: [lua] init.lua:14: ~~~~~~~~~~~~~~~~~~~~~~~~~~~~~~worker
2019/08/05 15:08:37 [debug] 27270#27270: [lua] init.lua:27: nginx
2019/08/05 15:08:37 [debug] 27270#27270: [lua] init.lua:27: -p
2019/08/05 15:08:37 [debug] 27270#27270: [lua] init.lua:27: /home/danny/workspace/danny_resty/
2019/08/05 15:08:37 [debug] 27270#27270: [lua] init.lua:27: -c
2019/08/05 15:08:37 [debug] 27270#27270: [lua] init.lua:27: conf/nginx-local.conf
2019/08/05 15:08:37 [debug] 27270#27270: [lua] init.lua:52: config-local
2019/08/05 15:08:37 [debug] 27270#27270: [lua] init.lua:14: ~~~~~~~~~~~~~~~~~~~~~~~~~~~~~~worker
2019/08/05 15:08:37 [debug] 27270#27270: [lua] init.lua:27: nginx
2019/08/05 15:08:37 [debug] 27270#27270: [lua] init.lua:27: -p
2019/08/05 15:08:37 [debug] 27270#27270: [lua] init.lua:27: /home/danny/workspace/danny_resty/
2019/08/05 15:08:37 [debug] 27270#27270: [lua] init.lua:27: -c
2019/08/05 15:08:37 [debug] 27270#27270: [lua] init.lua:27: conf/nginx-local.conf
2019/08/05 15:08:37 [debug] 27270#27270: [lua] init.lua:52: config-local
2019/08/05 15:09:18 [debug] 27270#27270: [lua] init.lua:14: ~~~~~~~~~~~~~~~~~~~~~~~~~~~~~~worker
2019/08/05 15:09:18 [debug] 27270#27270: [lua] init.lua:27: nginx
2019/08/05 15:09:18 [debug] 27270#27270: [lua] init.lua:27: -p
2019/08/05 15:09:18 [debug] 27270#27270: [lua] init.lua:27: /home/danny/workspace/danny_resty/
2019/08/05 15:09:18 [debug] 27270#27270: [lua] init.lua:27: -c
2019/08/05 15:09:18 [debug] 27270#27270: [lua] init.lua:27: conf/nginx-local.conf
2019/08/05 15:09:18 [debug] 27270#27270: [lua] init.lua:52: config-local
2019/08/05 15:09:19 [debug] 27270#27270: [lua] init.lua:14: ~~~~~~~~~~~~~~~~~~~~~~~~~~~~~~worker
2019/08/05 15:09:19 [debug] 27270#27270: [lua] init.lua:27: nginx
2019/08/05 15:09:19 [debug] 27270#27270: [lua] init.lua:27: -p
2019/08/05 15:09:19 [debug] 27270#27270: [lua] init.lua:27: /home/danny/workspace/danny_resty/
2019/08/05 15:09:19 [debug] 27270#27270: [lua] init.lua:27: -c
2019/08/05 15:09:19 [debug] 27270#27270: [lua] init.lua:27: conf/nginx-local.conf
2019/08/05 15:09:19 [debug] 27270#27270: [lua] init.lua:52: config-local
